2022-12-10 20:10:10,203 - ui_helper.py - hello checking the logger here 
2022-12-10 20:10:10,203 - browser_helper.py - Launching the Chrome browser
2022-12-10 20:10:13,210 - browser_helper.py - Requesting for url : http://localhost:3000/
2022-12-10 20:10:14,471 - browser_helper.py - Fetch the the string in the search box
2022-12-10 20:10:14,554 - browser_helper.py - Fetch the data of the page , after the launch of the page
2022-12-10 20:10:14,601 - browser_helper.py - Fetching the drop down value
2022-12-10 20:10:14,644 - browser_helper.py - Fetch the page details written in footer
2022-12-10 20:10:14,690 - ui_helper.py - Expected data : {'search_text': '', 'page_data': 'No Data Found', 'drop_down_value': '10', 'page_split': '0–0 of 0'}
2022-12-10 20:10:14,691 - ui_helper.py - Actual data : {'search_text': '', 'page_data': 'No Data Found', 'drop_down_value': '10', 'page_split': '0–0 of 0'}
2022-12-10 20:10:14,752 - ui_helper.py - hello checking the logger here 
2022-12-10 20:10:14,752 - browser_helper.py - Launching the Chrome browser
2022-12-10 20:10:15,874 - browser_helper.py - Requesting for url : http://localhost:3000/
2022-12-10 20:10:17,076 - browser_helper.py - Searching of the text in search box : testNanHere
2022-12-10 20:10:27,798 - api_operation.py - Requested url : https://api.github.com/search/repositories?q=testNanHere&per_page=10&page=0&sort=stars&order=desc
2022-12-10 20:10:28,547 - browser_helper.py - Fetch the data of each row in the table
2022-12-10 20:10:28,571 - ui_helper.py - Expected data : []
2022-12-10 20:10:28,571 - ui_helper.py - Actual data : []
2022-12-10 20:10:28,629 - ui_helper.py - hello checking the logger here 
2022-12-10 20:10:28,629 - browser_helper.py - Launching the Chrome browser
2022-12-10 20:10:29,772 - browser_helper.py - Requesting for url : http://localhost:3000/
2022-12-10 20:10:31,152 - browser_helper.py - Searching of the text in search box : flyoverthings
2022-12-10 20:10:41,893 - api_operation.py - Requested url : https://api.github.com/search/repositories?q=flyoverthings&per_page=10&page=0&sort=stars&order=desc
2022-12-10 20:10:42,371 - browser_helper.py - Fetch the data of each row in the table
2022-12-10 20:10:42,546 - ui_helper.py - Expected data : [{'name': 'flyoverthings', 'owner': 'amrutha1098', 'stars': '0', 'link': 'amrutha1098/flyoverthings'}]
2022-12-10 20:10:42,546 - ui_helper.py - Actual data : [{'name': 'flyoverthings', 'owner': 'amrutha1098', 'stars': '0', 'link': 'amrutha1098/flyoverthings'}]
2022-12-10 20:10:42,603 - ui_helper.py - hello checking the logger here 
2022-12-10 20:10:42,604 - browser_helper.py - Launching the Chrome browser
2022-12-10 20:10:43,743 - browser_helper.py - Requesting for url : http://localhost:3000/
2022-12-10 20:10:44,918 - browser_helper.py - Searching of the text in search box : testingrepo
2022-12-10 20:10:55,612 - api_operation.py - Requested url : https://api.github.com/search/repositories?q=testingrepo&per_page=10&page=0&sort=stars&order=desc
2022-12-10 20:10:56,301 - browser_helper.py - Fetch the data of each row in the table
2022-12-10 20:10:57,777 - ui_helper.py - Expected data : [{'name': 'testingrepo', 'owner': 'oms', 'stars': '4', 'link': 'oms/testingrepo'}, {'name': 'C-TestingRepo', 'owner': 'debasishsahoo', 'stars': '4', 'link': 'debasishsahoo/C-TestingRepo'}, {'name': 'My-Klong', 'owner': 'JonasKs', 'stars': '2', 'link': 'JonasKs/My-Klong'}, {'name': 'testingrepo', 'owner': 'mudpyr8', 'stars': '2', 'link': 'mudpyr8/testingrepo'}, {'name': 'testingrepo', 'owner': 'orbitz', 'stars': '2', 'link': 'orbitz/testingrepo'}, {'name': 'testingrepo', 'owner': 'aghanhussain', 'stars': '2', 'link': 'aghanhussain/testingrepo'}, {'name': 'Testingrepository', 'owner': 'Christianamarfo123', 'stars': '2', 'link': 'Christianamarfo123/Testingrepository'}, {'name': 'TestingRepo', 'owner': 'gshefer', 'stars': '1', 'link': 'gshefer/TestingRepo'}, {'name': 'blerkTest', 'owner': 'acouvion81', 'stars': '1', 'link': 'acouvion81/blerkTest'}, {'name': 'helloworldRepo', 'owner': 'prajshr', 'stars': '1', 'link': 'prajshr/helloworldRepo'}]
2022-12-10 20:10:57,777 - ui_helper.py - Actual data : [{'name': 'testingrepo', 'owner': 'oms', 'stars': '4', 'link': 'oms/testingrepo'}, {'name': 'C-TestingRepo', 'owner': 'debasishsahoo', 'stars': '4', 'link': 'debasishsahoo/C-TestingRepo'}, {'name': 'My-Klong', 'owner': 'JonasKs', 'stars': '2', 'link': 'JonasKs/My-Klong'}, {'name': 'testingrepo', 'owner': 'mudpyr8', 'stars': '2', 'link': 'mudpyr8/testingrepo'}, {'name': 'testingrepo', 'owner': 'orbitz', 'stars': '2', 'link': 'orbitz/testingrepo'}, {'name': 'testingrepo', 'owner': 'aghanhussain', 'stars': '2', 'link': 'aghanhussain/testingrepo'}, {'name': 'Testingrepository', 'owner': 'Christianamarfo123', 'stars': '2', 'link': 'Christianamarfo123/Testingrepository'}, {'name': 'TestingRepo', 'owner': 'gshefer', 'stars': '1', 'link': 'gshefer/TestingRepo'}, {'name': 'blerkTest', 'owner': 'acouvion81', 'stars': '1', 'link': 'acouvion81/blerkTest'}, {'name': 'helloworldRepo', 'owner': 'prajshr', 'stars': '1', 'link': 'prajshr/helloworldRepo'}]
2022-12-10 20:10:57,834 - ui_helper.py - hello checking the logger here 
2022-12-10 20:10:57,835 - browser_helper.py - Launching the Chrome browser
2022-12-10 20:10:58,983 - browser_helper.py - Requesting for url : http://localhost:3000/
2022-12-10 20:11:00,473 - browser_helper.py - Searching of the text in search box : test
2022-12-10 20:11:11,001 - api_operation.py - Requested url : https://api.github.com/search/repositories?q=test&per_page=10&page=0&sort=stars&order=desc
2022-12-10 20:11:11,968 - api_operation.py - Requested url : https://api.github.com/repos/storybookjs/storybook/commits?per_page=3&page=0
2022-12-10 20:11:12,398 - api_operation.py - Requested url : https://api.github.com/repos/storybookjs/storybook/forks?per_page=3&page=0
2022-12-10 20:11:14,321 - browser_helper.py - Fetch the repo details from the modal window of the row 0
2022-12-10 20:11:14,321 - browser_helper.py - Cliking on the tool tip to get the repo details 
2022-12-10 20:11:19,469 - browser_helper.py - Fetch the repo details from the modal window of Last 3 committers: 
2022-12-10 20:11:19,507 - browser_helper.py - Fetch the repo details from the modal window of Recent Forked User: 
2022-12-10 20:11:19,545 - browser_helper.py - Fetch the repo details from the modal window of Recent Forked User Bio: 
2022-12-10 20:11:19,584 - browser_helper.py - Clicking on the OK button in window
2022-12-10 20:11:24,728 - ui_helper.py - Expected data : {'commit_details': 'shilman, shilman, shilman', 'fork_details': 'huikesport', 'fork_bio_details': 'THIS ARTICLE MOST IMPRESSED MEMelaju Guys\r\nLost my phone over the euros'}
