2022-12-10 19:39:58,458 - ui_helper.py - hello logger here 
2022-12-10 19:39:58,488 - service.py - Started executable: `input/chromedriver.exe` in a child process with pid: 37906
2022-12-10 19:39:59,028 - remote_connection.py - POST http://localhost:34165/session {"capabilities": {"firstMatch": [{}], "alwaysMatch": {"browserName": "chrome", "pageLoadStrategy": "normal", "goog:chromeOptions": {"extensions": [], "args": ["--start-maximized", "--disable-gpu", "--disable-extensions", "--disable-software-rasterizer", "--ignore-certificate-errors", "window-size=1920x1080"]}}}}
2022-12-10 19:39:59,031 - connectionpool.py - Starting new HTTP connection (1): localhost:34165
2022-12-10 19:40:09,791 - connectionpool.py - http://localhost:34165 "POST /session HTTP/1.1" 200 753
2022-12-10 19:40:09,792 - remote_connection.py - Remote response: status=200 | data={"value":{"capabilities":{"acceptInsecureCerts":false,"browserName":"chrome","browserVersion":"108.0.5359.94","chrome":{"chromedriverVersion":"108.0.5359.71 (1e0e3868ee06e91ad636a874420e3ca3ae3756ac-refs/branch-heads/5359@{#1016})","userDataDir":"/tmp/.com.google.Chrome.AkWIr4"},"goog:chromeOptions":{"debuggerAddress":"localhost:40407"},"networkConnectionEnabled":false,"pageLoadStrategy":"normal","platformName":"linux","proxy":{},"setWindowRect":true,"strictFileInteractability":false,"timeouts":{"implicit":0,"pageLoad":300000,"script":30000},"unhandledPromptBehavior":"dismiss and notify","webauthn:extension:credBlob":true,"webauthn:extension:largeBlob":true,"webauthn:virtualAuthenticators":true},"sessionId":"2b691669273127d54bb2ac580d5f4023"}} | headers=HTTPHeaderDict({'Content-Length': '753', 'Content-Type': 'application/json; charset=utf-8', 'cache-control': 'no-cache'})
2022-12-10 19:40:09,792 - remote_connection.py - Finished Request
2022-12-10 19:40:09,793 - remote_connection.py - POST http://localhost:34165/session/2b691669273127d54bb2ac580d5f4023/url {"url": "http://localhost:3000/"}
2022-12-10 19:40:11,214 - connectionpool.py - http://localhost:34165 "POST /session/2b691669273127d54bb2ac580d5f4023/url HTTP/1.1" 200 14
2022-12-10 19:40:11,216 - remote_connection.py - Remote response: status=200 | data={"value":null} | headers=HTTPHeaderDict({'Content-Length': '14', 'Content-Type': 'application/json; charset=utf-8', 'cache-control': 'no-cache'})
2022-12-10 19:40:11,216 - remote_connection.py - Finished Request
2022-12-10 19:40:11,219 - remote_connection.py - POST http://localhost:34165/session/2b691669273127d54bb2ac580d5f4023/element {"using": "xpath", "value": "//input[contains(@placeholder, \"Search\")]"}
2022-12-10 19:40:11,306 - connectionpool.py - http://localhost:34165 "POST /session/2b691669273127d54bb2ac580d5f4023/element HTTP/1.1" 200 88
2022-12-10 19:40:11,307 - remote_connection.py - Remote response: status=200 | data={"value":{"element-6066-11e4-a52e-4f735466cecf":"24ed4a0e-5a0a-42e3-82d7-137146610492"}} | headers=HTTPHeaderDict({'Content-Length': '88', 'Content-Type': 'application/json; charset=utf-8', 'cache-control': 'no-cache'})
2022-12-10 19:40:11,308 - remote_connection.py - Finished Request
2022-12-10 19:40:11,308 - remote_connection.py - GET http://localhost:34165/session/2b691669273127d54bb2ac580d5f4023/element/24ed4a0e-5a0a-42e3-82d7-137146610492/text {"id": "24ed4a0e-5a0a-42e3-82d7-137146610492"}
2022-12-10 19:40:11,340 - connectionpool.py - http://localhost:34165 "GET /session/2b691669273127d54bb2ac580d5f4023/element/24ed4a0e-5a0a-42e3-82d7-137146610492/text HTTP/1.1" 200 12
2022-12-10 19:40:11,342 - remote_connection.py - Remote response: status=200 | data={"value":""} | headers=HTTPHeaderDict({'Content-Length': '12', 'Content-Type': 'application/json; charset=utf-8', 'cache-control': 'no-cache'})
2022-12-10 19:40:11,342 - remote_connection.py - Finished Request
2022-12-10 19:40:11,343 - remote_connection.py - POST http://localhost:34165/session/2b691669273127d54bb2ac580d5f4023/element {"using": "xpath", "value": "//div[contains(@class, 'MuiGrid-root MuiGrid-container css-1ry2eeo-MuiGrid-root')]"}
2022-12-10 19:40:11,357 - connectionpool.py - http://localhost:34165 "POST /session/2b691669273127d54bb2ac580d5f4023/element HTTP/1.1" 200 88
2022-12-10 19:40:11,358 - remote_connection.py - Remote response: status=200 | data={"value":{"element-6066-11e4-a52e-4f735466cecf":"f643f73b-6a11-4e3d-a998-2523c33141b0"}} | headers=HTTPHeaderDict({'Content-Length': '88', 'Content-Type': 'application/json; charset=utf-8', 'cache-control': 'no-cache'})
2022-12-10 19:40:11,358 - remote_connection.py - Finished Request
2022-12-10 19:40:11,358 - remote_connection.py - GET http://localhost:34165/session/2b691669273127d54bb2ac580d5f4023/element/f643f73b-6a11-4e3d-a998-2523c33141b0/text {"id": "f643f73b-6a11-4e3d-a998-2523c33141b0"}
2022-12-10 19:40:11,388 - connectionpool.py - http://localhost:34165 "GET /session/2b691669273127d54bb2ac580d5f4023/element/f643f73b-6a11-4e3d-a998-2523c33141b0/text HTTP/1.1" 200 25
2022-12-10 19:40:11,388 - remote_connection.py - Remote response: status=200 | data={"value":"No Data Found"} | headers=HTTPHeaderDict({'Content-Length': '25', 'Content-Type': 'application/json; charset=utf-8', 'cache-control': 'no-cache'})
2022-12-10 19:40:11,388 - remote_connection.py - Finished Request
2022-12-10 19:40:11,389 - remote_connection.py - POST http://localhost:34165/session/2b691669273127d54bb2ac580d5f4023/element {"using": "xpath", "value": "//*[text()='Rows per page:']/following::*[contains(@class, 'MuiTablePagination-select MuiSelect-select MuiSelect-standard MuiInputBase-input css-194a1fa-MuiSelect-select-MuiInputBase-input')]"}
2022-12-10 19:40:11,410 - connectionpool.py - http://localhost:34165 "POST /session/2b691669273127d54bb2ac580d5f4023/element HTTP/1.1" 200 88
2022-12-10 19:40:11,411 - remote_connection.py - Remote response: status=200 | data={"value":{"element-6066-11e4-a52e-4f735466cecf":"e8ce0226-ee03-452b-8d08-40d33168075a"}} | headers=HTTPHeaderDict({'Content-Length': '88', 'Content-Type': 'application/json; charset=utf-8', 'cache-control': 'no-cache'})
2022-12-10 19:40:11,411 - remote_connection.py - Finished Request
2022-12-10 19:40:11,411 - remote_connection.py - GET http://localhost:34165/session/2b691669273127d54bb2ac580d5f4023/element/e8ce0226-ee03-452b-8d08-40d33168075a/text {"id": "e8ce0226-ee03-452b-8d08-40d33168075a"}
2022-12-10 19:40:11,439 - connectionpool.py - http://localhost:34165 "GET /session/2b691669273127d54bb2ac580d5f4023/element/e8ce0226-ee03-452b-8d08-40d33168075a/text HTTP/1.1" 200 14
2022-12-10 19:40:11,440 - remote_connection.py - Remote response: status=200 | data={"value":"10"} | headers=HTTPHeaderDict({'Content-Length': '14', 'Content-Type': 'application/json; charset=utf-8', 'cache-control': 'no-cache'})
2022-12-10 19:40:11,441 - remote_connection.py - Finished Request
2022-12-10 19:40:11,441 - remote_connection.py - POST http://localhost:34165/session/2b691669273127d54bb2ac580d5f4023/element {"using": "xpath", "value": "//p[contains(@class, 'MuiTablePagination-displayedRows css-11ceysh-MuiTablePagination-displayedRows')]"}
2022-12-10 19:40:11,468 - connectionpool.py - http://localhost:34165 "POST /session/2b691669273127d54bb2ac580d5f4023/element HTTP/1.1" 200 88
2022-12-10 19:40:11,469 - remote_connection.py - Remote response: status=200 | data={"value":{"element-6066-11e4-a52e-4f735466cecf":"fea348ed-59ed-4ae2-8ccb-ec9df9c83d28"}} | headers=HTTPHeaderDict({'Content-Length': '88', 'Content-Type': 'application/json; charset=utf-8', 'cache-control': 'no-cache'})
2022-12-10 19:40:11,469 - remote_connection.py - Finished Request
2022-12-10 19:40:11,470 - remote_connection.py - GET http://localhost:34165/session/2b691669273127d54bb2ac580d5f4023/element/fea348ed-59ed-4ae2-8ccb-ec9df9c83d28/text {"id": "fea348ed-59ed-4ae2-8ccb-ec9df9c83d28"}
2022-12-10 19:40:11,496 - connectionpool.py - http://localhost:34165 "GET /session/2b691669273127d54bb2ac580d5f4023/element/fea348ed-59ed-4ae2-8ccb-ec9df9c83d28/text HTTP/1.1" 200 22
2022-12-10 19:40:11,496 - remote_connection.py - Remote response: status=200 | data={"value":"0–0 of 0"} | headers=HTTPHeaderDict({'Content-Length': '22', 'Content-Type': 'application/json; charset=utf-8', 'cache-control': 'no-cache'})
2022-12-10 19:40:11,496 - remote_connection.py - Finished Request
2022-12-10 19:40:11,496 - ui_helper.py - Expected data : {'search_text': '', 'page_data': 'No Data Found', 'drop_down_value': '10', 'page_split': '0–0 of 0'}
2022-12-10 19:40:11,497 - ui_helper.py - Actual data : {'search_text': '', 'page_data': 'No Data Found', 'drop_down_value': '10', 'page_split': '0–0 of 0'}
