2022-12-10 20:06:55,001 - ui_helper.py - hello checking the logger here 
2022-12-10 20:06:55,002 - browser_helper.py - Launching the Chrome browser
2022-12-10 20:06:59,116 - browser_helper.py - Requesting for url : http://localhost:3000/
2022-12-10 20:07:00,680 - browser_helper.py - Fetch the the string in the search box
2022-12-10 20:07:00,767 - browser_helper.py - Fetch the data of the page , after the launch of the page
2022-12-10 20:07:00,802 - browser_helper.py - Fetching the drop down value
2022-12-10 20:07:00,835 - browser_helper.py - Fetch the page details written in footer
2022-12-10 20:07:00,869 - ui_helper.py - Expected data : {'search_text': '', 'page_data': 'No Data Found', 'drop_down_value': '10', 'page_split': '0–0 of 0'}
2022-12-10 20:07:00,869 - ui_helper.py - Actual data : {'search_text': '', 'page_data': 'No Data Found', 'drop_down_value': '10', 'page_split': '0–0 of 0'}
2022-12-10 20:07:00,926 - ui_helper.py - hello checking the logger here 
2022-12-10 20:07:00,926 - browser_helper.py - Launching the Chrome browser
2022-12-10 20:07:02,726 - browser_helper.py - Requesting for url : http://localhost:3000/
2022-12-10 20:07:04,313 - browser_helper.py - Searching of the text in search box : testNanHere
2022-12-10 20:07:15,096 - api_operation.py - Requested url : https://api.github.com/search/repositories?q=testNanHere&per_page=10&page=0&sort=stars&order=desc
2022-12-10 20:07:15,829 - browser_helper.py - Fetch the data of each row in the table
2022-12-10 20:07:15,846 - ui_helper.py - Expected data : []
2022-12-10 20:07:15,846 - ui_helper.py - Actual data : []
2022-12-10 20:07:15,901 - ui_helper.py - hello checking the logger here 
2022-12-10 20:07:15,901 - browser_helper.py - Launching the Chrome browser
2022-12-10 20:07:17,136 - browser_helper.py - Requesting for url : http://localhost:3000/
2022-12-10 20:07:18,817 - browser_helper.py - Searching of the text in search box : flyoverthings
2022-12-10 20:07:29,603 - api_operation.py - Requested url : https://api.github.com/search/repositories?q=flyoverthings&per_page=10&page=0&sort=stars&order=desc
2022-12-10 20:07:30,063 - browser_helper.py - Fetch the data of each row in the table
2022-12-10 20:07:30,275 - ui_helper.py - Expected data : [{'name': 'flyoverthings', 'owner': 'amrutha1098', 'stars': '0', 'link': 'amrutha1098/flyoverthings'}]
2022-12-10 20:07:30,275 - ui_helper.py - Actual data : [{'name': 'flyoverthings', 'owner': 'amrutha1098', 'stars': '0', 'link': 'amrutha1098/flyoverthings'}]
2022-12-10 20:07:30,331 - ui_helper.py - hello checking the logger here 
2022-12-10 20:07:30,331 - browser_helper.py - Launching the Chrome browser
2022-12-10 20:07:31,565 - browser_helper.py - Requesting for url : http://localhost:3000/
2022-12-10 20:07:33,234 - browser_helper.py - Searching of the text in search box : testingrepo
2022-12-10 20:07:44,008 - api_operation.py - Requested url : https://api.github.com/search/repositories?q=testingrepo&per_page=10&page=0&sort=stars&order=desc
2022-12-10 20:07:44,815 - browser_helper.py - Fetch the data of each row in the table
2022-12-10 20:07:46,528 - ui_helper.py - Expected data : [{'name': 'testingrepo', 'owner': 'oms', 'stars': '4', 'link': 'oms/testingrepo'}, {'name': 'C-TestingRepo', 'owner': 'debasishsahoo', 'stars': '4', 'link': 'debasishsahoo/C-TestingRepo'}, {'name': 'My-Klong', 'owner': 'JonasKs', 'stars': '2', 'link': 'JonasKs/My-Klong'}, {'name': 'testingrepo', 'owner': 'mudpyr8', 'stars': '2', 'link': 'mudpyr8/testingrepo'}, {'name': 'testingrepo', 'owner': 'orbitz', 'stars': '2', 'link': 'orbitz/testingrepo'}, {'name': 'testingrepo', 'owner': 'aghanhussain', 'stars': '2', 'link': 'aghanhussain/testingrepo'}, {'name': 'Testingrepository', 'owner': 'Christianamarfo123', 'stars': '2', 'link': 'Christianamarfo123/Testingrepository'}, {'name': 'TestingRepo', 'owner': 'gshefer', 'stars': '1', 'link': 'gshefer/TestingRepo'}, {'name': 'blerkTest', 'owner': 'acouvion81', 'stars': '1', 'link': 'acouvion81/blerkTest'}, {'name': 'helloworldRepo', 'owner': 'prajshr', 'stars': '1', 'link': 'prajshr/helloworldRepo'}]
2022-12-10 20:07:46,528 - ui_helper.py - Actual data : [{'name': 'testingrepo', 'owner': 'oms', 'stars': '4', 'link': 'oms/testingrepo'}, {'name': 'C-TestingRepo', 'owner': 'debasishsahoo', 'stars': '4', 'link': 'debasishsahoo/C-TestingRepo'}, {'name': 'My-Klong', 'owner': 'JonasKs', 'stars': '2', 'link': 'JonasKs/My-Klong'}, {'name': 'testingrepo', 'owner': 'mudpyr8', 'stars': '2', 'link': 'mudpyr8/testingrepo'}, {'name': 'testingrepo', 'owner': 'orbitz', 'stars': '2', 'link': 'orbitz/testingrepo'}, {'name': 'testingrepo', 'owner': 'aghanhussain', 'stars': '2', 'link': 'aghanhussain/testingrepo'}, {'name': 'Testingrepository', 'owner': 'Christianamarfo123', 'stars': '2', 'link': 'Christianamarfo123/Testingrepository'}, {'name': 'TestingRepo', 'owner': 'gshefer', 'stars': '1', 'link': 'gshefer/TestingRepo'}, {'name': 'blerkTest', 'owner': 'acouvion81', 'stars': '1', 'link': 'acouvion81/blerkTest'}, {'name': 'helloworldRepo', 'owner': 'prajshr', 'stars': '1', 'link': 'prajshr/helloworldRepo'}]
2022-12-10 20:07:46,583 - ui_helper.py - hello checking the logger here 
2022-12-10 20:07:46,583 - browser_helper.py - Launching the Chrome browser
2022-12-10 20:07:47,810 - browser_helper.py - Requesting for url : http://localhost:3000/
2022-12-10 20:07:49,615 - browser_helper.py - Searching of the text in search box : flyoverthings
2022-12-10 20:08:00,399 - api_operation.py - Requested url : https://api.github.com/search/repositories?q=flyoverthings&per_page=10&page=0&sort=stars&order=desc
2022-12-10 20:08:00,886 - api_operation.py - Requested url : https://api.github.com/repos/amrutha1098/flyoverthings/commits?per_page=3&page=0
2022-12-10 20:08:01,399 - api_operation.py - Requested url : https://api.github.com/repos/amrutha1098/flyoverthings/forks?per_page=3&page=0
2022-12-10 20:08:01,786 - browser_helper.py - Fetch the repo details from the modal window of the row 0
2022-12-10 20:08:01,786 - browser_helper.py - Cliking on the tool tip to get the repo details 
2022-12-10 20:08:06,912 - browser_helper.py - Fetch the repo details from the modal window of Last 3 committers: 
2022-12-10 20:08:06,943 - browser_helper.py - Error : Message: no such element: Unable to locate element: {"method":"xpath","selector":"//div[contains(@class, 'MuiGrid-root css-vj1n65-MuiGrid-root')]/following::*[(text()='Last 3 committers: ')]/../following-sibling::p"}
  (Session info: chrome=108.0.5359.94)
Stacktrace:
#0 0x5567d33832a3 <unknown>
#1 0x5567d3141f77 <unknown>
#2 0x5567d317e80c <unknown>
#3 0x5567d317ea71 <unknown>
#4 0x5567d31b8734 <unknown>
#5 0x5567d319eb5d <unknown>
#6 0x5567d31b647c <unknown>
#7 0x5567d319e903 <unknown>
#8 0x5567d3171ece <unknown>
#9 0x5567d3172fde <unknown>
#10 0x5567d33d363e <unknown>
#11 0x5567d33d6b79 <unknown>
#12 0x5567d33b989e <unknown>
#13 0x5567d33d7a83 <unknown>
#14 0x5567d33ac505 <unknown>
#15 0x5567d33f8ca8 <unknown>
#16 0x5567d33f8e36 <unknown>
#17 0x5567d3414333 <unknown>
#18 0x7f0c93de18fd <unknown>

2022-12-10 20:08:06,943 - browser_helper.py - Failed to fetch the repo details from the modal window of Last 3 committers: 
2022-12-10 20:08:06,943 - browser_helper.py - Fetch the repo details from the modal window of Recent Forked User: 
2022-12-10 20:08:06,962 - browser_helper.py - Error : Message: no such element: Unable to locate element: {"method":"xpath","selector":"//div[contains(@class, 'MuiGrid-root css-vj1n65-MuiGrid-root')]/following::*[(text()='Recent Forked User: ')]/../following-sibling::p"}
  (Session info: chrome=108.0.5359.94)
Stacktrace:
#0 0x5567d33832a3 <unknown>
#1 0x5567d3141f77 <unknown>
#2 0x5567d317e80c <unknown>
#3 0x5567d317ea71 <unknown>
#4 0x5567d31b8734 <unknown>
#5 0x5567d319eb5d <unknown>
#6 0x5567d31b647c <unknown>
#7 0x5567d319e903 <unknown>
#8 0x5567d3171ece <unknown>
#9 0x5567d3172fde <unknown>
#10 0x5567d33d363e <unknown>
#11 0x5567d33d6b79 <unknown>
#12 0x5567d33b989e <unknown>
#13 0x5567d33d7a83 <unknown>
#14 0x5567d33ac505 <unknown>
#15 0x5567d33f8ca8 <unknown>
#16 0x5567d33f8e36 <unknown>
#17 0x5567d3414333 <unknown>
#18 0x7f0c93de18fd <unknown>

2022-12-10 20:08:06,963 - browser_helper.py - Failed to fetch the repo details from the modal window of Recent Forked User: 
2022-12-10 20:08:06,963 - browser_helper.py - Fetch the repo details from the modal window of Recent Forked User Bio: 
2022-12-10 20:08:06,987 - browser_helper.py - Error : Message: no such element: Unable to locate element: {"method":"xpath","selector":"//div[contains(@class, 'MuiGrid-root css-vj1n65-MuiGrid-root')]/following::*[(text()='Recent Forked User Bio: ')]/../following-sibling::p"}
  (Session info: chrome=108.0.5359.94)
Stacktrace:
#0 0x5567d33832a3 <unknown>
#1 0x5567d3141f77 <unknown>
#2 0x5567d317e80c <unknown>
#3 0x5567d317ea71 <unknown>
#4 0x5567d31b8734 <unknown>
#5 0x5567d319eb5d <unknown>
#6 0x5567d31b647c <unknown>
#7 0x5567d319e903 <unknown>
#8 0x5567d3171ece <unknown>
#9 0x5567d3172fde <unknown>
#10 0x5567d33d363e <unknown>
#11 0x5567d33d6b79 <unknown>
#12 0x5567d33b989e <unknown>
#13 0x5567d33d7a83 <unknown>
#14 0x5567d33ac505 <unknown>
#15 0x5567d33f8ca8 <unknown>
#16 0x5567d33f8e36 <unknown>
#17 0x5567d3414333 <unknown>
#18 0x7f0c93de18fd <unknown>

2022-12-10 20:08:06,987 - browser_helper.py - Failed to fetch the repo details from the modal window of Recent Forked User Bio: 
2022-12-10 20:08:06,987 - browser_helper.py - Clicking on the OK button in window
2022-12-10 20:08:07,006 - browser_helper.py - Error : Message: no such element: Unable to locate element: {"method":"xpath","selector":"//button[contains(@class,'MuiButton-root MuiButton-text MuiButton-textPrimary MuiButton-sizeMedium MuiButton-textSizeMedium MuiButtonBase-root  css-1q7oytv-MuiButtonBase-root-MuiButton-root')]"}
  (Session info: chrome=108.0.5359.94)
Stacktrace:
#0 0x5567d33832a3 <unknown>
#1 0x5567d3141f77 <unknown>
#2 0x5567d317e80c <unknown>
#3 0x5567d317ea71 <unknown>
#4 0x5567d31b8734 <unknown>
#5 0x5567d319eb5d <unknown>
#6 0x5567d31b647c <unknown>
#7 0x5567d319e903 <unknown>
#8 0x5567d3171ece <unknown>
#9 0x5567d3172fde <unknown>
#10 0x5567d33d363e <unknown>
#11 0x5567d33d6b79 <unknown>
#12 0x5567d33b989e <unknown>
#13 0x5567d33d7a83 <unknown>
#14 0x5567d33ac505 <unknown>
#15 0x5567d33f8ca8 <unknown>
#16 0x5567d33f8e36 <unknown>
#17 0x5567d3414333 <unknown>
#18 0x7f0c93de18fd <unknown>

2022-12-10 20:08:07,006 - browser_helper.py - Failed to clic on the OK button in window
2022-12-10 20:08:07,007 - ui_helper.py - Expected data : {'commit_details': 'amrutha1098, amrutha1098, amrutha1098', 'fork_details': '', 'fork_bio_details': ''}
2022-12-10 20:08:07,007 - ui_helper.py - hello checking the logger here 
2022-12-10 20:08:07,007 - browser_helper.py - Launching the Chrome browser
2022-12-10 20:08:08,054 - browser_helper.py - Requesting for url : http://localhost:3000/
2022-12-10 20:08:09,657 - browser_helper.py - Searching of the text in search box : test
2022-12-10 20:08:20,288 - api_operation.py - Requested url : https://api.github.com/search/repositories?q=test&per_page=10&page=0&sort=stars&order=desc
2022-12-10 20:08:21,264 - api_operation.py - Requested url : https://api.github.com/repos/storybookjs/storybook/commits?per_page=3&page=0
2022-12-10 20:08:21,774 - api_operation.py - Requested url : https://api.github.com/repos/storybookjs/storybook/forks?per_page=3&page=0
2022-12-10 20:08:23,644 - browser_helper.py - Fetch the repo details from the modal window of the row 0
2022-12-10 20:08:23,644 - browser_helper.py - Cliking on the tool tip to get the repo details 
2022-12-10 20:08:28,808 - browser_helper.py - Fetch the repo details from the modal window of Last 3 committers: 
2022-12-10 20:08:28,856 - browser_helper.py - Fetch the repo details from the modal window of Recent Forked User: 
2022-12-10 20:08:28,890 - browser_helper.py - Fetch the repo details from the modal window of Recent Forked User Bio: 
2022-12-10 20:08:28,926 - browser_helper.py - Clicking on the OK button in window
2022-12-10 20:08:34,133 - ui_helper.py - Expected data : {'commit_details': 'shilman, shilman, shilman', 'fork_details': 'huikesport', 'fork_bio_details': 'THIS ARTICLE MOST IMPRESSED MEMelaju Guys\r\nLost my phone over the euros'}
