2022-12-10 19:35:58,444 - ui_helper.py - hello logger here 
2022-12-10 19:35:58,445 - service.py - Started executable: `input/chromedriver.exe` in a child process with pid: 37018
2022-12-10 19:35:58,502 - remote_connection.py - POST http://localhost:47473/session {"capabilities": {"firstMatch": [{}], "alwaysMatch": {"browserName": "chrome", "pageLoadStrategy": "normal", "goog:chromeOptions": {"extensions": [], "args": ["--start-maximized", "--no-sandbox", "--disable-gpu", "--disable-extensions", "--disable-software-rasterizer", "--ignore-certificate-errors", "\u2013-disable-dev-shm-usage", "window-size=1920x1080"]}}}}
2022-12-10 19:35:58,504 - connectionpool.py - Starting new HTTP connection (1): localhost:47473
2022-12-10 19:36:00,521 - connectionpool.py - http://localhost:47473 "POST /session HTTP/1.1" 200 753
2022-12-10 19:36:00,524 - remote_connection.py - Remote response: status=200 | data={"value":{"capabilities":{"acceptInsecureCerts":false,"browserName":"chrome","browserVersion":"108.0.5359.94","chrome":{"chromedriverVersion":"108.0.5359.71 (1e0e3868ee06e91ad636a874420e3ca3ae3756ac-refs/branch-heads/5359@{#1016})","userDataDir":"/tmp/.com.google.Chrome.nXqPbM"},"goog:chromeOptions":{"debuggerAddress":"localhost:34533"},"networkConnectionEnabled":false,"pageLoadStrategy":"normal","platformName":"linux","proxy":{},"setWindowRect":true,"strictFileInteractability":false,"timeouts":{"implicit":0,"pageLoad":300000,"script":30000},"unhandledPromptBehavior":"dismiss and notify","webauthn:extension:credBlob":true,"webauthn:extension:largeBlob":true,"webauthn:virtualAuthenticators":true},"sessionId":"22e9a259a5af0881676aad9275174524"}} | headers=HTTPHeaderDict({'Content-Length': '753', 'Content-Type': 'application/json; charset=utf-8', 'cache-control': 'no-cache'})
2022-12-10 19:36:00,524 - remote_connection.py - Finished Request
2022-12-10 19:36:00,525 - remote_connection.py - POST http://localhost:47473/session/22e9a259a5af0881676aad9275174524/url {"url": "http://localhost:3000/"}
2022-12-10 19:36:01,263 - connectionpool.py - http://localhost:47473 "POST /session/22e9a259a5af0881676aad9275174524/url HTTP/1.1" 500 1046
2022-12-10 19:36:01,264 - remote_connection.py - Remote response: status=500 | data={"value":{"error":"unknown error","message":"unknown error: net::ERR_CONNECTION_REFUSED\n  (Session info: chrome=108.0.5359.94)","stacktrace":"#0 0x5640678042a3 \u003Cunknown>\n#1 0x5640675c2f77 \u003Cunknown>\n#2 0x5640675bae35 \u003Cunknown>\n#3 0x5640675adf27 \u003Cunknown>\n#4 0x5640675af2d9 \u003Cunknown>\n#5 0x5640675ae29e \u003Cunknown>\n#6 0x5640675ad3d2 \u003Cunknown>\n#7 0x5640675ad225 \u003Cunknown>\n#8 0x5640675abdc6 \u003Cunknown>\n#9 0x5640675ac244 \u003Cunknown>\n#10 0x5640675c4e88 \u003Cunknown>\n#11 0x564067637b05 \u003Cunknown>\n#12 0x56406761fb32 \u003Cunknown>\n#13 0x56406763747c \u003Cunknown>\n#14 0x56406761f903 \u003Cunknown>\n#15 0x5640675f2ece \u003Cunknown>\n#16 0x5640675f3fde \u003Cunknown>\n#17 0x56406785463e \u003Cunknown>\n#18 0x564067857b79 \u003Cunknown>\n#19 0x56406783a89e \u003Cunknown>\n#20 0x564067858a83 \u003Cunknown>\n#21 0x56406782d505 \u003Cunknown>\n#22 0x564067879ca8 \u003Cunknown>\n#23 0x564067879e36 \u003Cunknown>\n#24 0x564067895333 \u003Cunknown>\n#25 0x7f1f787828fd \u003Cunknown>\n"}} | headers=HTTPHeaderDict({'Content-Length': '1046', 'Content-Type': 'application/json; charset=utf-8', 'cache-control': 'no-cache'})
2022-12-10 19:36:01,264 - remote_connection.py - Finished Request
2022-12-10 19:36:01,264 - ui_helper.py - Error : Message: unknown error: net::ERR_CONNECTION_REFUSED
  (Session info: chrome=108.0.5359.94)
Stacktrace:
#0 0x5640678042a3 <unknown>
#1 0x5640675c2f77 <unknown>
#2 0x5640675bae35 <unknown>
#3 0x5640675adf27 <unknown>
#4 0x5640675af2d9 <unknown>
#5 0x5640675ae29e <unknown>
#6 0x5640675ad3d2 <unknown>
#7 0x5640675ad225 <unknown>
#8 0x5640675abdc6 <unknown>
#9 0x5640675ac244 <unknown>
#10 0x5640675c4e88 <unknown>
#11 0x564067637b05 <unknown>
#12 0x56406761fb32 <unknown>
#13 0x56406763747c <unknown>
#14 0x56406761f903 <unknown>
#15 0x5640675f2ece <unknown>
#16 0x5640675f3fde <unknown>
#17 0x56406785463e <unknown>
#18 0x564067857b79 <unknown>
#19 0x56406783a89e <unknown>
#20 0x564067858a83 <unknown>
#21 0x56406782d505 <unknown>
#22 0x564067879ca8 <unknown>
#23 0x564067879e36 <unknown>
#24 0x564067895333 <unknown>
#25 0x7f1f787828fd <unknown>

2022-12-10 19:36:01,265 - ui_helper.py - Launching the browser failed
2022-12-10 19:36:01,265 - remote_connection.py - POST http://localhost:47473/session/22e9a259a5af0881676aad9275174524/element {"using": "xpath", "value": "//input[contains(@placeholder, \"Search\")]"}
2022-12-10 19:36:01,296 - connectionpool.py - http://localhost:47473 "POST /session/22e9a259a5af0881676aad9275174524/element HTTP/1.1" 404 887
2022-12-10 19:36:01,297 - remote_connection.py - Remote response: status=404 | data={"value":{"error":"no such element","message":"no such element: Unable to locate element: {\"method\":\"xpath\",\"selector\":\"//input[contains(@placeholder, \"Search\")]\"}\n  (Session info: chrome=108.0.5359.94)","stacktrace":"#0 0x5640678042a3 \u003Cunknown>\n#1 0x5640675c2f77 \u003Cunknown>\n#2 0x5640675ff80c \u003Cunknown>\n#3 0x5640675ffa71 \u003Cunknown>\n#4 0x564067639734 \u003Cunknown>\n#5 0x56406761fb5d \u003Cunknown>\n#6 0x56406763747c \u003Cunknown>\n#7 0x56406761f903 \u003Cunknown>\n#8 0x5640675f2ece \u003Cunknown>\n#9 0x5640675f3fde \u003Cunknown>\n#10 0x56406785463e \u003Cunknown>\n#11 0x564067857b79 \u003Cunknown>\n#12 0x56406783a89e \u003Cunknown>\n#13 0x564067858a83 \u003Cunknown>\n#14 0x56406782d505 \u003Cunknown>\n#15 0x564067879ca8 \u003Cunknown>\n#16 0x564067879e36 \u003Cunknown>\n#17 0x564067895333 \u003Cunknown>\n#18 0x7f1f787828fd \u003Cunknown>\n"}} | headers=HTTPHeaderDict({'Content-Length': '887', 'Content-Type': 'application/json; charset=utf-8', 'cache-control': 'no-cache'})
2022-12-10 19:36:01,298 - remote_connection.py - Finished Request
